2023-11-07 18:48:34,856 - DEBUG - config.py - 214
config.json文件中不存在键 stock
2023-11-07 18:48:34,856 - DEBUG - config.py - 214
config.json文件中不存在键 stock
2023-11-07 18:48:41,689 - DEBUG - myIndicator_abc.py - 61
删除冗余文件
>>>>600418D_20231104_SMA.csv
2023-11-07 18:48:41,689 - DEBUG - myIndicator_abc.py - 61
删除冗余文件
>>>>600418D_20231104_SMA.csv
2023-11-07 18:48:41,689 - DEBUG - myIndicator_abc.py - 61
删除冗余文件
>>>>600418W_20231104_SMA.csv
2023-11-07 18:48:41,689 - DEBUG - myIndicator_abc.py - 61
删除冗余文件
>>>>600418W_20231104_SMA.csv
2023-11-07 18:48:45,455 - DEBUG - myIndicator_abc.py - 141
查看600418的'SMA_mutiline_strategy'分析结果
>>>>E:\PYTHON\MyPythonProjects\goInvest\data\stock\600418\strategy\600418_SMA_mutiline_strategy_anlysis.csv

2023-11-07 18:48:45,455 - DEBUG - myIndicator_abc.py - 141
查看600418的'SMA_mutiline_strategy'分析结果
>>>>E:\PYTHON\MyPythonProjects\goInvest\data\stock\600418\strategy\600418_SMA_mutiline_strategy_anlysis.csv

2023-11-07 18:48:45,473 - DEBUG - myIndicator_abc.py - 61
删除冗余文件
>>>>600418D_20231104_EMA.csv
2023-11-07 18:48:45,473 - DEBUG - myIndicator_abc.py - 61
删除冗余文件
>>>>600418D_20231104_EMA.csv
2023-11-07 18:48:45,473 - DEBUG - myIndicator_abc.py - 61
删除冗余文件
>>>>600418W_20231104_EMA.csv
2023-11-07 18:48:45,473 - DEBUG - myIndicator_abc.py - 61
删除冗余文件
>>>>600418W_20231104_EMA.csv
2023-11-07 18:48:48,865 - DEBUG - myIndicator_abc.py - 141
查看600418的'EMA_mutiline_strategy'分析结果
>>>>E:\PYTHON\MyPythonProjects\goInvest\data\stock\600418\strategy\600418_EMA_mutiline_strategy_anlysis.csv

2023-11-07 18:48:48,865 - DEBUG - myIndicator_abc.py - 141
查看600418的'EMA_mutiline_strategy'分析结果
>>>>E:\PYTHON\MyPythonProjects\goInvest\data\stock\600418\strategy\600418_EMA_mutiline_strategy_anlysis.csv

2023-11-07 18:48:48,883 - DEBUG - myIndicator_abc.py - 61
删除冗余文件
>>>>600418D_20231104_Boll.csv
2023-11-07 18:48:48,883 - DEBUG - myIndicator_abc.py - 61
删除冗余文件
>>>>600418D_20231104_Boll.csv
2023-11-07 18:48:48,883 - DEBUG - myIndicator_abc.py - 61
删除冗余文件
>>>>600418W_20231104_Boll.csv
2023-11-07 18:48:48,883 - DEBUG - myIndicator_abc.py - 61
删除冗余文件
>>>>600418W_20231104_Boll.csv
2023-11-07 18:48:52,992 - DEBUG - myIndicator_abc.py - 141
查看600418的'Boll_boll_strategy'分析结果
>>>>E:\PYTHON\MyPythonProjects\goInvest\data\stock\600418\strategy\600418_Boll_boll_strategy_anlysis.csv

2023-11-07 18:48:52,992 - DEBUG - myIndicator_abc.py - 141
查看600418的'Boll_boll_strategy'分析结果
>>>>E:\PYTHON\MyPythonProjects\goInvest\data\stock\600418\strategy\600418_Boll_boll_strategy_anlysis.csv

2023-11-07 18:48:53,008 - DEBUG - myIndicator_abc.py - 61
删除冗余文件
>>>>600418D_20231104_SRLine.csv
2023-11-07 18:48:53,008 - DEBUG - myIndicator_abc.py - 61
删除冗余文件
>>>>600418D_20231104_SRLine.csv
2023-11-07 18:48:53,008 - DEBUG - myIndicator_abc.py - 61
删除冗余文件
>>>>600418W_20231104_SRLine.csv
2023-11-07 18:48:53,008 - DEBUG - myIndicator_abc.py - 61
删除冗余文件
>>>>600418W_20231104_SRLine.csv
2023-11-07 18:48:59,242 - DEBUG - myIndicator_abc.py - 141
查看600418的'SRLine_pressure_area_strategy'分析结果
>>>>E:\PYTHON\MyPythonProjects\goInvest\data\stock\600418\strategy\600418_SRLine_pressure_area_strategy_anlysis.csv

2023-11-07 18:48:59,242 - DEBUG - myIndicator_abc.py - 141
查看600418的'SRLine_pressure_area_strategy'分析结果
>>>>E:\PYTHON\MyPythonProjects\goInvest\data\stock\600418\strategy\600418_SRLine_pressure_area_strategy_anlysis.csv

2023-11-07 18:49:02,853 - DEBUG - myIndicator_abc.py - 61
删除冗余文件
>>>>002230D_20231104_SMA.csv
2023-11-07 18:49:02,853 - DEBUG - myIndicator_abc.py - 61
删除冗余文件
>>>>002230D_20231104_SMA.csv
2023-11-07 18:49:02,853 - DEBUG - myIndicator_abc.py - 61
删除冗余文件
>>>>002230W_20231104_SMA.csv
2023-11-07 18:49:02,853 - DEBUG - myIndicator_abc.py - 61
删除冗余文件
>>>>002230W_20231104_SMA.csv
2023-11-07 18:49:09,763 - DEBUG - myIndicator_abc.py - 141
查看002230的'SMA_mutiline_strategy'分析结果
>>>>E:\PYTHON\MyPythonProjects\goInvest\data\stock\002230\strategy\002230_SMA_mutiline_strategy_anlysis.csv

2023-11-07 18:49:09,763 - DEBUG - myIndicator_abc.py - 141
查看002230的'SMA_mutiline_strategy'分析结果
>>>>E:\PYTHON\MyPythonProjects\goInvest\data\stock\002230\strategy\002230_SMA_mutiline_strategy_anlysis.csv

2023-11-07 18:49:09,795 - DEBUG - myIndicator_abc.py - 61
删除冗余文件
>>>>002230D_20231104_EMA.csv
2023-11-07 18:49:09,795 - DEBUG - myIndicator_abc.py - 61
删除冗余文件
>>>>002230D_20231104_EMA.csv
2023-11-07 18:49:09,796 - DEBUG - myIndicator_abc.py - 61
删除冗余文件
>>>>002230W_20231104_EMA.csv
2023-11-07 18:49:09,796 - DEBUG - myIndicator_abc.py - 61
删除冗余文件
>>>>002230W_20231104_EMA.csv
2023-11-07 18:51:31,014 - DEBUG - myIndicator_abc.py - 141
查看002230的'EMA_mutiline_strategy'分析结果
>>>>E:\PYTHON\MyPythonProjects\goInvest\data\stock\002230\strategy\002230_EMA_mutiline_strategy_anlysis.csv

2023-11-07 18:51:31,014 - DEBUG - myIndicator_abc.py - 141
查看002230的'EMA_mutiline_strategy'分析结果
>>>>E:\PYTHON\MyPythonProjects\goInvest\data\stock\002230\strategy\002230_EMA_mutiline_strategy_anlysis.csv

2023-11-07 18:51:31,042 - DEBUG - myIndicator_abc.py - 61
删除冗余文件
>>>>002230D_20231104_Boll.csv
2023-11-07 18:51:31,042 - DEBUG - myIndicator_abc.py - 61
删除冗余文件
>>>>002230D_20231104_Boll.csv
2023-11-07 18:51:31,044 - DEBUG - myIndicator_abc.py - 61
删除冗余文件
>>>>002230W_20231104_Boll.csv
2023-11-07 18:51:31,044 - DEBUG - myIndicator_abc.py - 61
删除冗余文件
>>>>002230W_20231104_Boll.csv
2023-11-07 18:51:37,646 - DEBUG - myIndicator_abc.py - 141
查看002230的'Boll_boll_strategy'分析结果
>>>>E:\PYTHON\MyPythonProjects\goInvest\data\stock\002230\strategy\002230_Boll_boll_strategy_anlysis.csv

2023-11-07 18:51:37,646 - DEBUG - myIndicator_abc.py - 141
查看002230的'Boll_boll_strategy'分析结果
>>>>E:\PYTHON\MyPythonProjects\goInvest\data\stock\002230\strategy\002230_Boll_boll_strategy_anlysis.csv

2023-11-07 18:51:37,669 - DEBUG - myIndicator_abc.py - 61
删除冗余文件
>>>>002230D_20231104_SRLine.csv
2023-11-07 18:51:37,669 - DEBUG - myIndicator_abc.py - 61
删除冗余文件
>>>>002230D_20231104_SRLine.csv
2023-11-07 18:51:37,672 - DEBUG - myIndicator_abc.py - 61
删除冗余文件
>>>>002230W_20231104_SRLine.csv
2023-11-07 18:51:37,672 - DEBUG - myIndicator_abc.py - 61
删除冗余文件
>>>>002230W_20231104_SRLine.csv
2023-11-07 18:51:44,175 - DEBUG - myIndicator_abc.py - 141
查看002230的'SRLine_pressure_area_strategy'分析结果
>>>>E:\PYTHON\MyPythonProjects\goInvest\data\stock\002230\strategy\002230_SRLine_pressure_area_strategy_anlysis.csv

2023-11-07 18:51:44,175 - DEBUG - myIndicator_abc.py - 141
查看002230的'SRLine_pressure_area_strategy'分析结果
>>>>E:\PYTHON\MyPythonProjects\goInvest\data\stock\002230\strategy\002230_SRLine_pressure_area_strategy_anlysis.csv

2023-11-07 19:12:49,920 - DEBUG - myIndicator_abc.py - 141
查看002230的'SRLine_pressure_area_strategy'分析结果
>>>>E:\PYTHON\MyPythonProjects\goInvest\data\stock\002230\strategy\002230_SRLine_pressure_area_strategy_anlysis.csv

2023-11-07 19:17:57,318 - DEBUG - myIndicator_abc.py - 141
查看002230的'SRLine_pressure_area_strategy'分析结果
>>>>E:\PYTHON\MyPythonProjects\goInvest\data\stock\002230\strategy\002230_SRLine_pressure_area_strategy_anlysis.csv

2023-11-07 19:19:13,262 - DEBUG - myIndicator_abc.py - 141
查看002230的'SRLine_pressure_area_strategy'分析结果
>>>>E:\PYTHON\MyPythonProjects\goInvest\data\stock\002230\strategy\002230_SRLine_pressure_area_strategy_anlysis.csv

2023-11-07 19:19:31,326 - DEBUG - myIndicator_abc.py - 141
查看002230的'SRLine_pressure_area_strategy'分析结果
>>>>E:\PYTHON\MyPythonProjects\goInvest\data\stock\002230\strategy\002230_SRLine_pressure_area_strategy_anlysis.csv

2023-11-07 19:20:32,815 - DEBUG - myIndicator_abc.py - 141
查看002230的'SRLine_pressure_area_strategy'分析结果
>>>>E:\PYTHON\MyPythonProjects\goInvest\data\stock\002230\strategy\002230_SRLine_pressure_area_strategy_anlysis.csv

2023-11-07 19:22:18,881 - DEBUG - myIndicator_abc.py - 141
查看002230的'SRLine_pressure_area_strategy'分析结果
>>>>E:\PYTHON\MyPythonProjects\goInvest\data\stock\002230\strategy\002230_SRLine_pressure_area_strategy_anlysis.csv

2023-11-07 19:24:09,283 - DEBUG - myIndicator_abc.py - 141
查看002230的'SRLine_pressure_area_strategy'分析结果
>>>>E:\PYTHON\MyPythonProjects\goInvest\data\stock\002230\strategy\002230_SRLine_pressure_area_strategy_anlysis.csv

2023-11-07 19:33:29,488 - DEBUG - myIndicator_abc.py - 141
查看600418的'SRLine_pressure_area_strategy'分析结果
>>>>E:\PYTHON\MyPythonProjects\goInvest\data\stock\600418\strategy\600418_SRLine_pressure_area_strategy_anlysis.csv

